# JRE version: OpenJDK Runtime Environment JBR-11.0.15.10-2043.56-jcef (11.0.15+10) (build 11.0.15+10-b2043.56)
# Java VM: OpenJDK 64-Bit Server VM JBR-11.0.15.10-2043.56-jcef (11.0.15+10-b2043.56, mixed mode, tiered, compressed oops, g1 gc, linux-amd64)
Heap:
 garbage-first heap   total 131072K, used 21780K [0x000000009ca00000, 0x0000000100000000)
  region size 1024K, 7 young (7168K), 5 survivors (5120K)
 Metaspace       used 27898K, capacity 28661K, committed 28800K, reserved 1075200K
  class space    used 2781K, capacity 3117K, committed 3200K, reserved 1048576K
GC Heap History (6 events):
Event: 0.451 GC heap before
{Heap before GC invocations=0 (full 0):
 garbage-first heap   total 131072K, used 25600K [0x000000009ca00000, 0x0000000100000000)
  region size 1024K, 24 young (24576K), 0 survivors (0K)
 Metaspace       used 20375K, capacity 20883K, committed 21248K, reserved 1069056K
  class space    used 2021K, capacity 2224K, committed 2304K, reserved 1048576K
}
Event: 0.457 GC heap after
{Heap after GC invocations=1 (full 0):
 garbage-first heap   total 131072K, used 7969K [0x000000009ca00000, 0x0000000100000000)
  region size 1024K, 3 young (3072K), 3 survivors (3072K)
 Metaspace       used 20375K, capacity 20883K, committed 21248K, reserved 1069056K
  class space    used 2021K, capacity 2224K, committed 2304K, reserved 1048576K
}
Event: 0.460 GC heap before
{Heap before GC invocations=1 (full 0):
 garbage-first heap   total 131072K, used 10017K [0x000000009ca00000, 0x0000000100000000)
  region size 1024K, 6 young (6144K), 3 survivors (3072K)
 Metaspace       used 20629K, capacity 21120K, committed 21248K, reserved 1069056K
  class space    used 2045K, capacity 2260K, committed 2304K, reserved 1048576K
}
Event: 0.463 GC heap after
{Heap after GC invocations=2 (full 0):
 garbage-first heap   total 131072K, used 8158K [0x000000009ca00000, 0x0000000100000000)
  region size 1024K, 4 young (4096K), 4 survivors (4096K)
 Metaspace       used 20629K, capacity 21120K, committed 21248K, reserved 1069056K
  class space    used 2045K, capacity 2260K, committed 2304K, reserved 1048576K
}
Event: 0.658 GC heap before
{Heap before GC invocations=3 (full 0):
 garbage-first heap   total 131072K, used 39902K [0x000000009ca00000, 0x0000000100000000)
  region size 1024K, 34 young (34816K), 4 survivors (4096K)
 Metaspace       used 27392K, capacity 28100K, committed 28416K, reserved 1075200K
  class space    used 2726K, capacity 3033K, committed 3072K, reserved 1048576K
}
Event: 0.676 GC heap after
{Heap after GC invocations=4 (full 0):
 garbage-first heap   total 131072K, used 20756K [0x000000009ca00000, 0x0000000100000000)
  region size 1024K, 5 young (5120K), 5 survivors (5120K)
 Metaspace       used 27392K, capacity 28100K, committed 28416K, reserved 1075200K
  class space    used 2726K, capacity 3033K, committed 3072K, reserved 1048576K
}

